<?xml version="1.0" encoding="UTF-8"?>
<!-- Generated by org.testng.reporters.JUnitReportReporter -->
<testsuite hostname="DESKTOP-HFLJFO0" failures="0" tests="1" name="test1.SwtchTo" time="16.791" errors="0" timestamp="2020-04-23T19:45:17 IST" skipped="0">
  <testcase classname="test1.SwtchTo" name="Login" time="16.791"/>
  <system-out/>
</testsuite> <!-- test1.SwtchTo -->
