<?xml version="1.0" encoding="UTF-8"?>
<!-- Generated by org.testng.reporters.JUnitReportReporter -->
<testsuite hostname="DESKTOP-HFLJFO0" failures="0" tests="2" name="Demo_form.DataPickerEx" time="39.055" errors="0" timestamp="2020-04-30T21:37:27 IST" skipped="0">
  <testcase classname="Demo_form.DataPickerEx" name="Datavalue" time="17.910"/>
  <system-out/>
  <testcase classname="Demo_form.DataPickerEx" name="select" time="21.145"/>
  <system-out/>
</testsuite> <!-- Demo_form.DataPickerEx -->
