<?xml version="1.0" encoding="UTF-8"?>
<!-- Generated by org.testng.reporters.JUnitReportReporter -->
<testsuite hostname="DESKTOP-HFLJFO0" failures="0" tests="1" name="Demo_form.fiilll" time="12.425" errors="0" timestamp="2020-04-30T21:38:42 IST" skipped="0">
  <testcase classname="Demo_form.fiilll" name="LaunchBrowser" time="12.425"/>
  <system-out/>
</testsuite> <!-- Demo_form.fiilll -->
