<?xml version="1.0" encoding="UTF-8"?>
<!-- Generated by org.testng.reporters.JUnitReportReporter -->
<testsuite hostname="DESKTOP-HFLJFO0" failures="0" tests="1" name="side_form.tt" time="11.428" errors="0" timestamp="2020-05-01T12:42:44 IST" skipped="0">
  <testcase classname="side_form.tt" name="LaunchBrowser" time="11.428"/>
  <system-out/>
</testsuite> <!-- side_form.tt -->
