<?xml version="1.0" encoding="UTF-8"?>
<!-- Generated by org.testng.reporters.JUnitReportReporter -->
<testsuite hostname="DESKTOP-HFLJFO0" failures="0" tests="3" name="test1.dataprovider" time="34.174" errors="0" timestamp="2020-04-20T14:03:59 IST" skipped="0">
  <testcase classname="test1.dataprovider" name="openBrowser" time="12.080"/>
  <system-out/>
  <testcase classname="test1.dataprovider" name="openBrowser" time="11.193"/>
  <system-out/>
  <testcase classname="test1.dataprovider" name="openBrowser" time="10.901"/>
  <system-out/>
</testsuite> <!-- test1.dataprovider -->
