<?xml version="1.0" encoding="UTF-8"?>
<!-- Generated by org.testng.reporters.JUnitReportReporter -->
<testsuite hostname="DESKTOP-HFLJFO0" failures="0" tests="4" name="DataMethod.DataMethod" time="60.651" errors="0" timestamp="2020-04-20T14:30:35 IST" skipped="0">
  <testcase classname="DataMethod.DataMethod" name="OpenBrowser" time="15.826"/>
  <system-out/>
  <testcase classname="DataMethod.DataMethod" name="OpenBrowser" time="14.303"/>
  <system-out/>
  <testcase classname="DataMethod.DataMethod" name="OpenBrowser" time="18.290"/>
  <system-out/>
  <testcase classname="DataMethod.DataMethod" name="OpenBrowser" time="12.232"/>
  <system-out/>
</testsuite> <!-- DataMethod.DataMethod -->
