<?xml version="1.0" encoding="UTF-8"?>
<!-- Generated by org.testng.reporters.JUnitReportReporter -->
<testsuite hostname="DESKTOP-HFLJFO0" failures="0" tests="4" name="test1.facebokLoginPageVarification" time="3.744" errors="0" timestamp="2020-04-18T18:40:51 IST" skipped="0">
  <testcase classname="test1.facebokLoginPageVarification" name="LoginTest" time="0.578"/>
  <system-out/>
  <testcase classname="test1.facebokLoginPageVarification" name="select_Date" time="0.623"/>
  <system-out/>
  <testcase classname="test1.facebokLoginPageVarification" name="month" time="2.441"/>
  <system-out/>
  <testcase classname="test1.facebokLoginPageVarification" name="redioButtonClick" time="0.102"/>
  <system-out/>
</testsuite> <!-- test1.facebokLoginPageVarification -->
