<?xml version="1.0" encoding="UTF-8"?>
<!-- Generated by org.testng.reporters.JUnitReportReporter -->
<testsuite hostname="DESKTOP-HFLJFO0" failures="0" tests="1" name="Demo_form.Demoqacom" time="14.193" errors="0" timestamp="2020-05-01T12:39:20 IST" skipped="0">
  <testcase classname="Demo_form.Demoqacom" name="SelectMenu" time="14.193"/>
  <system-out/>
</testsuite> <!-- Demo_form.Demoqacom -->
